<?xml version="1.0" encoding="UTF-8" standalone="no"?>
<testsuite errors="0" failures="9" name="io.cucumber.core.plugin.JUnitFormatter" skipped="0" tests="23" time="830.127">
    <testcase classname="Google search functionality" name="Validate google search is working" time="111.802">
        <system-out>
            <![CDATA[Given browser is open.......................................................passed
And User is on google search................................................passed
When user ennter text in goolge search box..................................passed
And hits enter..............................................................passed
Then User is navigated to search based result...............................passed
]]>
        </system-out>
    </testcase>
    <testcase classname="Google search functionality" name="Validate user successfully navigate to dashboard" time="21.753">
        <system-out>
            <![CDATA[Given Click on Panel list...................................................passed
When user clicks on dasboard filter.........................................passed
And Click on datastore......................................................passed
Then select datastore.......................................................passed
]]>
        </system-out>
    </testcase>
    <testcase classname="Google search functionality" name="Validate user apply filter to location" time="8.399">
        <system-out>
            <![CDATA[Given User verify location tab is Present...................................passed
When count length for location filter.......................................passed
Then User counts and select all the filters.................................passed
]]>
        </system-out>
    </testcase>
    <testcase classname="Google search functionality" name="Validate user apply filter to ownner" time="9.682">
        <system-out>
            <![CDATA[Given User verify ownner tab is Present.....................................passed
When count length for owner filter..........................................passed
Then owner counts and select all the filters................................passed
]]>
        </system-out>
    </testcase>
    <testcase classname="Google search functionality" name="Validate user apply filter to PDC" time="91.338">
        <failure message="element not interactable&#10;  (Session info: chrome=91.0.4472.77)&#10;Build info: version: '3.141.59', revision: 'e82be7d358', time: '2018-11-14T08:17:03'&#10;System info: host: 'shafiqs-MacBook-Pro.local', ip: 'fe80:0:0:0:73:cf0f:1cc1:c20d%en0', os.name: 'Mac OS X', os.arch: 'x86_64', os.version: '10.14.6', java.version: '13'&#10;Driver info: org.openqa.selenium.chrome.ChromeDriver&#10;Capabilities {acceptInsecureCerts: false, browserName: chrome, browserVersion: 91.0.4472.77, chrome: {chromedriverVersion: 91.0.4472.19 (1bf021f248676..., userDataDir: /var/folders/6y/9mk0x9bn2qz...}, goog:chromeOptions: {debuggerAddress: localhost:64879}, javascriptEnabled: true, networkConnectionEnabled: false, pageLoadStrategy: normal, platform: MAC, platformName: MAC, proxy: Proxy(), setWindowRect: true, strictFileInteractability: false, timeouts: {implicit: 0, pageLoad: 300000, script: 30000}, unhandledPromptBehavior: dismiss and notify, webauthn:extension:largeBlob: true, webauthn:virtualAuthenticators: true}&#10;Session ID: 3e53671701dceff1b4101f19142295a6" type="org.openqa.selenium.ElementNotInteractableException">
            <![CDATA[Given User verify PDC tab is Present........................................passed
When count length for PDC filter............................................passed
Then PDC counts and select all the filters..................................failed

StackTrace:
org.openqa.selenium.ElementNotInteractableException: element not interactable
  (Session info: chrome=91.0.4472.77)
Build info: version: '3.141.59', revision: 'e82be7d358', time: '2018-11-14T08:17:03'
System info: host: 'shafiqs-MacBook-Pro.local', ip: 'fe80:0:0:0:73:cf0f:1cc1:c20d%en0', os.name: 'Mac OS X', os.arch: 'x86_64', os.version: '10.14.6', java.version: '13'
Driver info: org.openqa.selenium.chrome.ChromeDriver
Capabilities {acceptInsecureCerts: false, browserName: chrome, browserVersion: 91.0.4472.77, chrome: {chromedriverVersion: 91.0.4472.19 (1bf021f248676..., userDataDir: /var/folders/6y/9mk0x9bn2qz...}, goog:chromeOptions: {debuggerAddress: localhost:64879}, javascriptEnabled: true, networkConnectionEnabled: false, pageLoadStrategy: normal, platform: MAC, platformName: MAC, proxy: Proxy(), setWindowRect: true, strictFileInteractability: false, timeouts: {implicit: 0, pageLoad: 300000, script: 30000}, unhandledPromptBehavior: dismiss and notify, webauthn:extension:largeBlob: true, webauthn:virtualAuthenticators: true}
Session ID: 3e53671701dceff1b4101f19142295a6
	at java.base/jdk.internal.reflect.NativeConstructorAccessorImpl.newInstance0(Native Method)
	at java.base/jdk.internal.reflect.NativeConstructorAccessorImpl.newInstance(NativeConstructorAccessorImpl.java:62)
	at java.base/jdk.internal.reflect.DelegatingConstructorAccessorImpl.newInstance(DelegatingConstructorAccessorImpl.java:45)
	at java.base/java.lang.reflect.Constructor.newInstanceWithCaller(Constructor.java:500)
	at java.base/java.lang.reflect.Constructor.newInstance(Constructor.java:481)
	at org.openqa.selenium.remote.http.W3CHttpResponseCodec.createException(W3CHttpResponseCodec.java:187)
	at org.openqa.selenium.remote.http.W3CHttpResponseCodec.decode(W3CHttpResponseCodec.java:122)
	at org.openqa.selenium.remote.http.W3CHttpResponseCodec.decode(W3CHttpResponseCodec.java:49)
	at org.openqa.selenium.remote.HttpCommandExecutor.execute(HttpCommandExecutor.java:158)
	at org.openqa.selenium.remote.service.DriverCommandExecutor.execute(DriverCommandExecutor.java:83)
	at org.openqa.selenium.remote.RemoteWebDriver.execute(RemoteWebDriver.java:552)
	at org.openqa.selenium.remote.RemoteWebElement.execute(RemoteWebElement.java:285)
	at org.openqa.selenium.remote.RemoteWebElement.click(RemoteWebElement.java:84)
	at pages.Navigation_to_Unstructred_Dashboard.PDC(Navigation_to_Unstructred_Dashboard.java:169)
	at StepDefinition.PDCFilter.pdc_counts_and_select_all_the_filters(PDCFilter.java:41)
	at ✽.PDC counts and select all the filters(file:///Users/shafiqaziz/eclipse-workspace/CucumberJava/src/test/resources/Features/GoogleSearch.feature:31)
]]>
        </failure>
    </testcase>
    <testcase classname="Google search functionality" name="Validate user apply filter to DET" time="66.96">
        <failure message="element not interactable&#10;  (Session info: chrome=91.0.4472.77)&#10;Build info: version: '3.141.59', revision: 'e82be7d358', time: '2018-11-14T08:17:03'&#10;System info: host: 'shafiqs-MacBook-Pro.local', ip: 'fe80:0:0:0:73:cf0f:1cc1:c20d%en0', os.name: 'Mac OS X', os.arch: 'x86_64', os.version: '10.14.6', java.version: '13'&#10;Driver info: org.openqa.selenium.chrome.ChromeDriver&#10;Capabilities {acceptInsecureCerts: false, browserName: chrome, browserVersion: 91.0.4472.77, chrome: {chromedriverVersion: 91.0.4472.19 (1bf021f248676..., userDataDir: /var/folders/6y/9mk0x9bn2qz...}, goog:chromeOptions: {debuggerAddress: localhost:64879}, javascriptEnabled: true, networkConnectionEnabled: false, pageLoadStrategy: normal, platform: MAC, platformName: MAC, proxy: Proxy(), setWindowRect: true, strictFileInteractability: false, timeouts: {implicit: 0, pageLoad: 300000, script: 30000}, unhandledPromptBehavior: dismiss and notify, webauthn:extension:largeBlob: true, webauthn:virtualAuthenticators: true}&#10;Session ID: 3e53671701dceff1b4101f19142295a6" type="org.openqa.selenium.ElementNotInteractableException">
            <![CDATA[Given User verify DET tab is Present........................................passed
When count length for DET filter............................................passed
Then DET counts and select all the filters..................................failed

StackTrace:
org.openqa.selenium.ElementNotInteractableException: element not interactable
  (Session info: chrome=91.0.4472.77)
Build info: version: '3.141.59', revision: 'e82be7d358', time: '2018-11-14T08:17:03'
System info: host: 'shafiqs-MacBook-Pro.local', ip: 'fe80:0:0:0:73:cf0f:1cc1:c20d%en0', os.name: 'Mac OS X', os.arch: 'x86_64', os.version: '10.14.6', java.version: '13'
Driver info: org.openqa.selenium.chrome.ChromeDriver
Capabilities {acceptInsecureCerts: false, browserName: chrome, browserVersion: 91.0.4472.77, chrome: {chromedriverVersion: 91.0.4472.19 (1bf021f248676..., userDataDir: /var/folders/6y/9mk0x9bn2qz...}, goog:chromeOptions: {debuggerAddress: localhost:64879}, javascriptEnabled: true, networkConnectionEnabled: false, pageLoadStrategy: normal, platform: MAC, platformName: MAC, proxy: Proxy(), setWindowRect: true, strictFileInteractability: false, timeouts: {implicit: 0, pageLoad: 300000, script: 30000}, unhandledPromptBehavior: dismiss and notify, webauthn:extension:largeBlob: true, webauthn:virtualAuthenticators: true}
Session ID: 3e53671701dceff1b4101f19142295a6
	at java.base/jdk.internal.reflect.NativeConstructorAccessorImpl.newInstance0(Native Method)
	at java.base/jdk.internal.reflect.NativeConstructorAccessorImpl.newInstance(NativeConstructorAccessorImpl.java:62)
	at java.base/jdk.internal.reflect.DelegatingConstructorAccessorImpl.newInstance(DelegatingConstructorAccessorImpl.java:45)
	at java.base/java.lang.reflect.Constructor.newInstanceWithCaller(Constructor.java:500)
	at java.base/java.lang.reflect.Constructor.newInstance(Constructor.java:481)
	at org.openqa.selenium.remote.http.W3CHttpResponseCodec.createException(W3CHttpResponseCodec.java:187)
	at org.openqa.selenium.remote.http.W3CHttpResponseCodec.decode(W3CHttpResponseCodec.java:122)
	at org.openqa.selenium.remote.http.W3CHttpResponseCodec.decode(W3CHttpResponseCodec.java:49)
	at org.openqa.selenium.remote.HttpCommandExecutor.execute(HttpCommandExecutor.java:158)
	at org.openqa.selenium.remote.service.DriverCommandExecutor.execute(DriverCommandExecutor.java:83)
	at org.openqa.selenium.remote.RemoteWebDriver.execute(RemoteWebDriver.java:552)
	at org.openqa.selenium.remote.RemoteWebElement.execute(RemoteWebElement.java:285)
	at org.openqa.selenium.remote.RemoteWebElement.click(RemoteWebElement.java:84)
	at pages.Navigation_to_Unstructred_Dashboard.DET(Navigation_to_Unstructred_Dashboard.java:203)
	at StepDefinition.DETFilter.pdc_counts_and_select_all_the_filters(DETFilter.java:44)
	at ✽.DET counts and select all the filters(file:///Users/shafiqaziz/eclipse-workspace/CucumberJava/src/test/resources/Features/GoogleSearch.feature:36)
]]>
        </failure>
    </testcase>
    <testcase classname="Google search functionality" name="Validate user apply filter to DTC" time="66.673">
        <failure message="element not interactable&#10;  (Session info: chrome=91.0.4472.77)&#10;Build info: version: '3.141.59', revision: 'e82be7d358', time: '2018-11-14T08:17:03'&#10;System info: host: 'shafiqs-MacBook-Pro.local', ip: 'fe80:0:0:0:73:cf0f:1cc1:c20d%en0', os.name: 'Mac OS X', os.arch: 'x86_64', os.version: '10.14.6', java.version: '13'&#10;Driver info: org.openqa.selenium.chrome.ChromeDriver&#10;Capabilities {acceptInsecureCerts: false, browserName: chrome, browserVersion: 91.0.4472.77, chrome: {chromedriverVersion: 91.0.4472.19 (1bf021f248676..., userDataDir: /var/folders/6y/9mk0x9bn2qz...}, goog:chromeOptions: {debuggerAddress: localhost:64879}, javascriptEnabled: true, networkConnectionEnabled: false, pageLoadStrategy: normal, platform: MAC, platformName: MAC, proxy: Proxy(), setWindowRect: true, strictFileInteractability: false, timeouts: {implicit: 0, pageLoad: 300000, script: 30000}, unhandledPromptBehavior: dismiss and notify, webauthn:extension:largeBlob: true, webauthn:virtualAuthenticators: true}&#10;Session ID: 3e53671701dceff1b4101f19142295a6" type="org.openqa.selenium.ElementNotInteractableException">
            <![CDATA[Given User verify DTC tab is Present........................................passed
When count length for DTC filter............................................passed
Then DTC counts and select all the filters..................................failed

StackTrace:
org.openqa.selenium.ElementNotInteractableException: element not interactable
  (Session info: chrome=91.0.4472.77)
Build info: version: '3.141.59', revision: 'e82be7d358', time: '2018-11-14T08:17:03'
System info: host: 'shafiqs-MacBook-Pro.local', ip: 'fe80:0:0:0:73:cf0f:1cc1:c20d%en0', os.name: 'Mac OS X', os.arch: 'x86_64', os.version: '10.14.6', java.version: '13'
Driver info: org.openqa.selenium.chrome.ChromeDriver
Capabilities {acceptInsecureCerts: false, browserName: chrome, browserVersion: 91.0.4472.77, chrome: {chromedriverVersion: 91.0.4472.19 (1bf021f248676..., userDataDir: /var/folders/6y/9mk0x9bn2qz...}, goog:chromeOptions: {debuggerAddress: localhost:64879}, javascriptEnabled: true, networkConnectionEnabled: false, pageLoadStrategy: normal, platform: MAC, platformName: MAC, proxy: Proxy(), setWindowRect: true, strictFileInteractability: false, timeouts: {implicit: 0, pageLoad: 300000, script: 30000}, unhandledPromptBehavior: dismiss and notify, webauthn:extension:largeBlob: true, webauthn:virtualAuthenticators: true}
Session ID: 3e53671701dceff1b4101f19142295a6
	at java.base/jdk.internal.reflect.NativeConstructorAccessorImpl.newInstance0(Native Method)
	at java.base/jdk.internal.reflect.NativeConstructorAccessorImpl.newInstance(NativeConstructorAccessorImpl.java:62)
	at java.base/jdk.internal.reflect.DelegatingConstructorAccessorImpl.newInstance(DelegatingConstructorAccessorImpl.java:45)
	at java.base/java.lang.reflect.Constructor.newInstanceWithCaller(Constructor.java:500)
	at java.base/java.lang.reflect.Constructor.newInstance(Constructor.java:481)
	at org.openqa.selenium.remote.http.W3CHttpResponseCodec.createException(W3CHttpResponseCodec.java:187)
	at org.openqa.selenium.remote.http.W3CHttpResponseCodec.decode(W3CHttpResponseCodec.java:122)
	at org.openqa.selenium.remote.http.W3CHttpResponseCodec.decode(W3CHttpResponseCodec.java:49)
	at org.openqa.selenium.remote.HttpCommandExecutor.execute(HttpCommandExecutor.java:158)
	at org.openqa.selenium.remote.service.DriverCommandExecutor.execute(DriverCommandExecutor.java:83)
	at org.openqa.selenium.remote.RemoteWebDriver.execute(RemoteWebDriver.java:552)
	at org.openqa.selenium.remote.RemoteWebElement.execute(RemoteWebElement.java:285)
	at org.openqa.selenium.remote.RemoteWebElement.click(RemoteWebElement.java:84)
	at pages.Navigation_to_Unstructred_Dashboard.DTC(Navigation_to_Unstructred_Dashboard.java:235)
	at StepDefinition.DTC.pdc_counts_and_select_all_the_filters(DTC.java:42)
	at ✽.DTC counts and select all the filters(file:///Users/shafiqaziz/eclipse-workspace/CucumberJava/src/test/resources/Features/GoogleSearch.feature:41)
]]>
        </failure>
    </testcase>
    <testcase classname="Google search functionality" name="Validate user apply filter to FolderPath" time="22.266">
        <system-out>
            <![CDATA[Given User verify FolderPath tab is Present.................................passed
When count length for FolderPath filter.....................................passed
Then FolderPath counts and select all the filters...........................passed
]]>
        </system-out>
    </testcase>
    <testcase classname="Google search functionality" name="Validate user apply filter to FileFormat" time="78.904">
        <failure message="element not interactable&#10;  (Session info: chrome=91.0.4472.77)&#10;Build info: version: '3.141.59', revision: 'e82be7d358', time: '2018-11-14T08:17:03'&#10;System info: host: 'shafiqs-MacBook-Pro.local', ip: 'fe80:0:0:0:73:cf0f:1cc1:c20d%en0', os.name: 'Mac OS X', os.arch: 'x86_64', os.version: '10.14.6', java.version: '13'&#10;Driver info: org.openqa.selenium.chrome.ChromeDriver&#10;Capabilities {acceptInsecureCerts: false, browserName: chrome, browserVersion: 91.0.4472.77, chrome: {chromedriverVersion: 91.0.4472.19 (1bf021f248676..., userDataDir: /var/folders/6y/9mk0x9bn2qz...}, goog:chromeOptions: {debuggerAddress: localhost:64879}, javascriptEnabled: true, networkConnectionEnabled: false, pageLoadStrategy: normal, platform: MAC, platformName: MAC, proxy: Proxy(), setWindowRect: true, strictFileInteractability: false, timeouts: {implicit: 0, pageLoad: 300000, script: 30000}, unhandledPromptBehavior: dismiss and notify, webauthn:extension:largeBlob: true, webauthn:virtualAuthenticators: true}&#10;Session ID: 3e53671701dceff1b4101f19142295a6" type="org.openqa.selenium.ElementNotInteractableException">
            <![CDATA[Given User verify FileFormat tab is Present.................................passed
When count length for FileFormat filter.....................................passed
Then FileFormat counts and select all the filters...........................failed

StackTrace:
org.openqa.selenium.ElementNotInteractableException: element not interactable
  (Session info: chrome=91.0.4472.77)
Build info: version: '3.141.59', revision: 'e82be7d358', time: '2018-11-14T08:17:03'
System info: host: 'shafiqs-MacBook-Pro.local', ip: 'fe80:0:0:0:73:cf0f:1cc1:c20d%en0', os.name: 'Mac OS X', os.arch: 'x86_64', os.version: '10.14.6', java.version: '13'
Driver info: org.openqa.selenium.chrome.ChromeDriver
Capabilities {acceptInsecureCerts: false, browserName: chrome, browserVersion: 91.0.4472.77, chrome: {chromedriverVersion: 91.0.4472.19 (1bf021f248676..., userDataDir: /var/folders/6y/9mk0x9bn2qz...}, goog:chromeOptions: {debuggerAddress: localhost:64879}, javascriptEnabled: true, networkConnectionEnabled: false, pageLoadStrategy: normal, platform: MAC, platformName: MAC, proxy: Proxy(), setWindowRect: true, strictFileInteractability: false, timeouts: {implicit: 0, pageLoad: 300000, script: 30000}, unhandledPromptBehavior: dismiss and notify, webauthn:extension:largeBlob: true, webauthn:virtualAuthenticators: true}
Session ID: 3e53671701dceff1b4101f19142295a6
	at java.base/jdk.internal.reflect.NativeConstructorAccessorImpl.newInstance0(Native Method)
	at java.base/jdk.internal.reflect.NativeConstructorAccessorImpl.newInstance(NativeConstructorAccessorImpl.java:62)
	at java.base/jdk.internal.reflect.DelegatingConstructorAccessorImpl.newInstance(DelegatingConstructorAccessorImpl.java:45)
	at java.base/java.lang.reflect.Constructor.newInstanceWithCaller(Constructor.java:500)
	at java.base/java.lang.reflect.Constructor.newInstance(Constructor.java:481)
	at org.openqa.selenium.remote.http.W3CHttpResponseCodec.createException(W3CHttpResponseCodec.java:187)
	at org.openqa.selenium.remote.http.W3CHttpResponseCodec.decode(W3CHttpResponseCodec.java:122)
	at org.openqa.selenium.remote.http.W3CHttpResponseCodec.decode(W3CHttpResponseCodec.java:49)
	at org.openqa.selenium.remote.HttpCommandExecutor.execute(HttpCommandExecutor.java:158)
	at org.openqa.selenium.remote.service.DriverCommandExecutor.execute(DriverCommandExecutor.java:83)
	at org.openqa.selenium.remote.RemoteWebDriver.execute(RemoteWebDriver.java:552)
	at org.openqa.selenium.remote.RemoteWebElement.execute(RemoteWebElement.java:285)
	at org.openqa.selenium.remote.RemoteWebElement.click(RemoteWebElement.java:84)
	at pages.Navigation_to_Unstructred_Dashboard.FileFormat(Navigation_to_Unstructred_Dashboard.java:294)
	at StepDefinition.fileformatfilter.pdc_counts_and_select_all_the_filters(fileformatfilter.java:38)
	at ✽.FileFormat counts and select all the filters(file:///Users/shafiqaziz/eclipse-workspace/CucumberJava/src/test/resources/Features/GoogleSearch.feature:51)
]]>
        </failure>
    </testcase>
    <testcase classname="Google search functionality" name="Validate user apply filter to ContentProfile" time="67.565">
        <failure message="element not interactable&#10;  (Session info: chrome=91.0.4472.77)&#10;Build info: version: '3.141.59', revision: 'e82be7d358', time: '2018-11-14T08:17:03'&#10;System info: host: 'shafiqs-MacBook-Pro.local', ip: 'fe80:0:0:0:73:cf0f:1cc1:c20d%en0', os.name: 'Mac OS X', os.arch: 'x86_64', os.version: '10.14.6', java.version: '13'&#10;Driver info: org.openqa.selenium.chrome.ChromeDriver&#10;Capabilities {acceptInsecureCerts: false, browserName: chrome, browserVersion: 91.0.4472.77, chrome: {chromedriverVersion: 91.0.4472.19 (1bf021f248676..., userDataDir: /var/folders/6y/9mk0x9bn2qz...}, goog:chromeOptions: {debuggerAddress: localhost:64879}, javascriptEnabled: true, networkConnectionEnabled: false, pageLoadStrategy: normal, platform: MAC, platformName: MAC, proxy: Proxy(), setWindowRect: true, strictFileInteractability: false, timeouts: {implicit: 0, pageLoad: 300000, script: 30000}, unhandledPromptBehavior: dismiss and notify, webauthn:extension:largeBlob: true, webauthn:virtualAuthenticators: true}&#10;Session ID: 3e53671701dceff1b4101f19142295a6" type="org.openqa.selenium.ElementNotInteractableException">
            <![CDATA[Given User verify ContentProfile tab is Present.............................passed
When count length for ContentProfile filter.................................passed
Then ContentProfile counts and select all the filters.......................failed

StackTrace:
org.openqa.selenium.ElementNotInteractableException: element not interactable
  (Session info: chrome=91.0.4472.77)
Build info: version: '3.141.59', revision: 'e82be7d358', time: '2018-11-14T08:17:03'
System info: host: 'shafiqs-MacBook-Pro.local', ip: 'fe80:0:0:0:73:cf0f:1cc1:c20d%en0', os.name: 'Mac OS X', os.arch: 'x86_64', os.version: '10.14.6', java.version: '13'
Driver info: org.openqa.selenium.chrome.ChromeDriver
Capabilities {acceptInsecureCerts: false, browserName: chrome, browserVersion: 91.0.4472.77, chrome: {chromedriverVersion: 91.0.4472.19 (1bf021f248676..., userDataDir: /var/folders/6y/9mk0x9bn2qz...}, goog:chromeOptions: {debuggerAddress: localhost:64879}, javascriptEnabled: true, networkConnectionEnabled: false, pageLoadStrategy: normal, platform: MAC, platformName: MAC, proxy: Proxy(), setWindowRect: true, strictFileInteractability: false, timeouts: {implicit: 0, pageLoad: 300000, script: 30000}, unhandledPromptBehavior: dismiss and notify, webauthn:extension:largeBlob: true, webauthn:virtualAuthenticators: true}
Session ID: 3e53671701dceff1b4101f19142295a6
	at java.base/jdk.internal.reflect.NativeConstructorAccessorImpl.newInstance0(Native Method)
	at java.base/jdk.internal.reflect.NativeConstructorAccessorImpl.newInstance(NativeConstructorAccessorImpl.java:62)
	at java.base/jdk.internal.reflect.DelegatingConstructorAccessorImpl.newInstance(DelegatingConstructorAccessorImpl.java:45)
	at java.base/java.lang.reflect.Constructor.newInstanceWithCaller(Constructor.java:500)
	at java.base/java.lang.reflect.Constructor.newInstance(Constructor.java:481)
	at org.openqa.selenium.remote.http.W3CHttpResponseCodec.createException(W3CHttpResponseCodec.java:187)
	at org.openqa.selenium.remote.http.W3CHttpResponseCodec.decode(W3CHttpResponseCodec.java:122)
	at org.openqa.selenium.remote.http.W3CHttpResponseCodec.decode(W3CHttpResponseCodec.java:49)
	at org.openqa.selenium.remote.HttpCommandExecutor.execute(HttpCommandExecutor.java:158)
	at org.openqa.selenium.remote.service.DriverCommandExecutor.execute(DriverCommandExecutor.java:83)
	at org.openqa.selenium.remote.RemoteWebDriver.execute(RemoteWebDriver.java:552)
	at org.openqa.selenium.remote.RemoteWebElement.execute(RemoteWebElement.java:285)
	at org.openqa.selenium.remote.RemoteWebElement.click(RemoteWebElement.java:84)
	at pages.Navigation_to_Unstructred_Dashboard.ContentProfile(Navigation_to_Unstructred_Dashboard.java:325)
	at StepDefinition.contentprofile.pdc_counts_and_select_all_the_filters(contentprofile.java:40)
	at ✽.ContentProfile counts and select all the filters(file:///Users/shafiqaziz/eclipse-workspace/CucumberJava/src/test/resources/Features/GoogleSearch.feature:56)
]]>
        </failure>
    </testcase>
    <testcase classname="Google search functionality" name="Validate the index value" time="18.145">
        <system-out>
            <![CDATA[Given check size of grid....................................................passed
When Find the Index value...................................................passed
Then Assert Index value.....................................................passed
]]>
        </system-out>
    </testcase>
    <testcase classname="Google search functionality" name="Validate the index1 value" time="26.749">
        <system-out>
            <![CDATA[Given check size of grid1...................................................passed
When Find thee Index1 value.................................................passed
And Remove Index1 value.....................................................passed
Then Assert Index1 value....................................................passed
]]>
        </system-out>
    </testcase>
    <testcase classname="Google search functionality" name="Validate the index2 value" time="21.825">
        <system-out>
            <![CDATA[Given check size of grid2...................................................passed
When Find thee Index2 value.................................................passed
And Remove Index2 value.....................................................passed
Then Assert Index2 value....................................................passed
]]>
        </system-out>
    </testcase>
    <testcase classname="Google search functionality" name="Validate docindexval value" time="19.471">
        <failure message="expected [Payment Authorization Form] but found [Disciplinary record]" type="java.lang.AssertionError">
            <![CDATA[Given document index value..................................................passed
When Set index val..........................................................passed
Then Assert index value.....................................................failed

StackTrace:
java.lang.AssertionError: expected [Payment Authorization Form] but found [Disciplinary record]
	at org.testng.Assert.fail(Assert.java:99)
	at org.testng.Assert.failNotEquals(Assert.java:1037)
	at org.testng.Assert.assertEqualsImpl(Assert.java:140)
	at org.testng.Assert.assertEquals(Assert.java:122)
	at org.testng.Assert.assertEquals(Assert.java:629)
	at org.testng.Assert.assertEquals(Assert.java:639)
	at pages.Navigation_to_Unstructred_Dashboard.matchdocindexval(Navigation_to_Unstructred_Dashboard.java:511)
	at StepDefinition.Docindexval.assert_index_value(Docindexval.java:41)
	at ✽.Assert index value(file:///Users/shafiqaziz/eclipse-workspace/CucumberJava/src/test/resources/Features/GoogleSearch.feature:78)
]]>
        </failure>
    </testcase>
    <testcase classname="Google search functionality" name="Validate docindexval1 value" time="21.55">
        <system-out>
            <![CDATA[Given document index1 value.................................................passed
And Remove docindex value...................................................passed
When Set index1 val.........................................................passed
Then Assert index1 value....................................................passed
]]>
        </system-out>
    </testcase>
    <testcase classname="Google search functionality" name="Validate docindexval2 value" time="22.597">
        <system-out>
            <![CDATA[Given document index2 value.................................................passed
And Remove docindex1 value..................................................passed
When Set index2 val.........................................................passed
Then Assert index2 value....................................................passed
]]>
        </system-out>
    </testcase>
    <testcase classname="Google search functionality" name="Validate docindexval3 value" time="21.525">
        <failure message="expected [Payment Authorization Form] but found [Credit Report]" type="java.lang.AssertionError">
            <![CDATA[Given document index3 value.................................................passed
And Remove docindex2 value..................................................passed
When Set index3 val.........................................................passed
Then Assert index3 value....................................................failed

StackTrace:
java.lang.AssertionError: expected [Payment Authorization Form] but found [Credit Report]
	at org.testng.Assert.fail(Assert.java:99)
	at org.testng.Assert.failNotEquals(Assert.java:1037)
	at org.testng.Assert.assertEqualsImpl(Assert.java:140)
	at org.testng.Assert.assertEquals(Assert.java:122)
	at org.testng.Assert.assertEquals(Assert.java:629)
	at org.testng.Assert.assertEquals(Assert.java:639)
	at pages.Navigation_to_Unstructred_Dashboard.matchindex4(Navigation_to_Unstructred_Dashboard.java:632)
	at StepDefinition.Docinndexval3.assert_index_value(Docinndexval3.java:48)
	at ✽.Assert index3 value(file:///Users/shafiqaziz/eclipse-workspace/CucumberJava/src/test/resources/Features/GoogleSearch.feature:96)
]]>
        </failure>
    </testcase>
    <testcase classname="Google search functionality" name="Validate fileindexval value" time="22.434">
        <failure message="expected [Plain Text] but found [Spreadsheet]" type="java.lang.AssertionError">
            <![CDATA[Given document fileindex value..............................................passed
And Remove fileindex value..................................................passed
When Set fileindex val......................................................passed
Then Assert fileindex value.................................................failed

StackTrace:
java.lang.AssertionError: expected [Plain Text] but found [Spreadsheet]
	at org.testng.Assert.fail(Assert.java:99)
	at org.testng.Assert.failNotEquals(Assert.java:1037)
	at org.testng.Assert.assertEqualsImpl(Assert.java:140)
	at org.testng.Assert.assertEquals(Assert.java:122)
	at org.testng.Assert.assertEquals(Assert.java:629)
	at org.testng.Assert.assertEquals(Assert.java:639)
	at pages.Navigation_to_Unstructred_Dashboard.matchfileindexval(Navigation_to_Unstructred_Dashboard.java:672)
	at StepDefinition.Fileindexval.assert_index_value(Fileindexval.java:48)
	at ✽.Assert fileindex value(file:///Users/shafiqaziz/eclipse-workspace/CucumberJava/src/test/resources/Features/GoogleSearch.feature:102)
]]>
        </failure>
    </testcase>
    <testcase classname="Google search functionality" name="Validate fileindexval1 value" time="21.235">
        <system-out>
            <![CDATA[Given document fileindex1 value.............................................passed
And Remove fileindex1 value.................................................passed
When Set fileindex1 val.....................................................passed
Then Assert fileindex1 value................................................passed
]]>
        </system-out>
    </testcase>
    <testcase classname="Google search functionality" name="Validate fileindexval2 value" time="26.408">
        <system-out>
            <![CDATA[Given document fileindex2 value.............................................passed
And Remove fileindex2 value.................................................passed
When Set fileindex2 val.....................................................passed
Then Assert fileindex2 value................................................passed
]]>
        </system-out>
    </testcase>
    <testcase classname="Google search functionality" name="Validate datastoreindexval value" time="20.684">
        <failure message="expected [shafiq-onedrive1] but found [shafiq-Gdrive1]" type="java.lang.AssertionError">
            <![CDATA[Given document datastoreindex value.........................................passed
And Remove datastoreindex value.............................................passed
When Set datastoreindex val.................................................passed
Then Assert datastoreindex value............................................failed

StackTrace:
java.lang.AssertionError: expected [shafiq-onedrive1] but found [shafiq-Gdrive1]
	at org.testng.Assert.fail(Assert.java:99)
	at org.testng.Assert.failNotEquals(Assert.java:1037)
	at org.testng.Assert.assertEqualsImpl(Assert.java:140)
	at org.testng.Assert.assertEquals(Assert.java:122)
	at org.testng.Assert.assertEquals(Assert.java:629)
	at org.testng.Assert.assertEquals(Assert.java:639)
	at pages.Navigation_to_Unstructred_Dashboard.matchindexdatastore(Navigation_to_Unstructred_Dashboard.java:804)
	at StepDefinition.datastoreindexval.assert_index_value(datastoreindexval.java:48)
	at ✽.Assert datastoreindex value(file:///Users/shafiqaziz/eclipse-workspace/CucumberJava/src/test/resources/Features/GoogleSearch.feature:120)
]]>
        </failure>
    </testcase>
    <testcase classname="Google search functionality" name="Validate dataelementindexval value" time="21.04">
        <system-out>
            <![CDATA[Given document dataelementindex value.......................................passed
And Remove dataelementindex value...........................................passed
When Set dataelementindex val...............................................passed
Then Assert dataelementindex value..........................................passed
]]>
        </system-out>
    </testcase>
    <testcase classname="Google search functionality" name="Validate dataelementindexval1 value" time="20.847">
        <system-out>
            <![CDATA[Given document dataelementindex1 value......................................passed
And Remove dataelementindex1 value..........................................passed
When Set dataelementindex1 val..............................................passed
Then Assert dataelementindex1 value.........................................passed
]]>
        </system-out>
    </testcase>
</testsuite>
