<?xml version="1.0" encoding="UTF-8"?>
<testng-results ignored="0" total="0" passed="0" failed="0" skipped="0">
  <reporter-output>
  </reporter-output>
  <suite started-at="2021-06-05T12:21:47 PKT" name="Surefire suite" finished-at="2021-06-05T12:35:38 PKT" duration-ms="830669">
    <groups>
    </groups>
    <test started-at="2021-06-05T12:21:47 PKT" name="Surefire test" finished-at="2021-06-05T12:35:38 PKT" duration-ms="830669">
    </test> <!-- Surefire test -->
  </suite> <!-- Surefire suite -->
</testng-results>
